2021.12.08 10:06 - test win
2021.12.08 10:06 - Session duration is: 27.8561749458313 seconds
2021.12.08 10:14 - test win
2021.12.08 10:15 - test win
2021.12.08 10:15 - test win
2021.12.08 10:16 - yyu win
2021.12.08 10:45 - test win
2021.12.08 10:47 - oo win
2021.12.08 10:49 - test win
2021.12.08 10:49 - test win
2021.12.08 10:49 - test win
2021.12.08 10:53 - tt win
2021.12.08 11:06 - Session duration is: 6.601055383682251 seconds
2021.12.08 11:06 - Post win
2021.12.08 11:06 - Session duration is: 22.551366329193115 seconds
2021.12.08 11:08 - Session duration is: 73.61889743804932 seconds
2021.12.12 15:11 - test win
2021.12.12 15:11 - test win
2021.12.12 15:13 - gg win
2021.12.12 15:17 - trsy win
2021.12.12 15:17 - trsy win
2021.12.12 15:21 - fgwe win
2021.12.12 15:24 - fgwe win
2021.12.29 17:20 - Jack win
2021.12.29 17:41 - jdsfgjl win
2021.12.29 17:42 - Session duration is: 52.55446910858154 seconds
2021.12.31 02:07 - sdf win
2021.12.31 02:08 - efg win
2021.12.31 02:09 - efg win
2021.12.31 02:09 - fdgh win
2021.12.31 02:10 - dfg win
2021.12.31 02:19 - wregtrh win
2021.12.31 02:22 - gr win
2021.12.31 02:22 - gr win
2021.12.31 02:28 - ert win
2021.12.31 02:31 - ret win
2021.12.31 02:32 - ws win
2021.12.31 02:33 - dsfg win
2021.12.31 02:34 - dsfgh win
2021.12.31 02:51 - rt win
2021.12.31 02:56 - rht win
2021.12.31 03:08 - g win
2021.12.31 03:09 - nhg win
